------------------------Thread-3 ran -h @ 10.199.196.125------------------------
----------------------Thread-1 ran lscpu @ 10.199.196.125-----------------------
------------------------Thread-4 ran w @ 10.199.196.125-------------------------
------------------------Thread-3 ran -h @ 10.199.196.125------------------------
------------------------Thread-2 ran -m @ 10.199.196.125------------------------
----------------------Thread-1 ran lscpu @ 10.199.196.125-----------------------
------------------------Thread-4 ran w @ 10.199.196.125-------------------------
------------------------Thread-3 ran -h @ 10.199.196.125------------------------
------------------------Thread-2 ran -m @ 10.199.196.125------------------------
----------------------Thread-1 ran lscpu @ 10.199.196.125-----------------------
------------------------Thread-4 ran w @ 10.199.196.125-------------------------
------------------------Thread-3 ran -h @ 10.199.196.125------------------------
------------------------Thread-2 ran -m @ 10.199.196.125------------------------
----------------------Thread-1 ran lscpu @ 10.199.196.125-----------------------
------------------------Thread-4 ran w @ 10.199.196.125-------------------------
------------------------Thread-2 ran -m @ 10.199.196.125------------------------

------------------------Thread-3 ran -h @ 10.199.196.125------------------------

----------------------Thread-1 ran lscpu @ 10.199.196.125-----------------------
Architecture:          x86_64
CPU op-mode(s):        32-bit, 64-bit
Byte Order:            Little Endian
CPU(s):                16
On-line CPU(s) list:   0-15
Thread(s) per core:    1
Core(s) per socket:    8
Socket(s):             2
NUMA node(s):          2
Vendor ID:             GenuineIntel
CPU family:            6
Model:                 79
Model name:            Intel(R) Xeon(R) CPU E5-2690 v4 @ 2.60GHz
Stepping:              1
CPU MHz:               2593.993
BogoMIPS:              5187.98
Virtualization:        VT-x
Hypervisor vendor:     VMware
Virtualization type:   full
L1d cache:             32K
L1i cache:             32K
L2 cache:              256K
L3 cache:              35840K
NUMA node0 CPU(s):     0-7
NUMA node1 CPU(s):     8-15
Flags:                 fpu vme de pse tsc msr pae mce cx8 apic sep mtrr pge mca cmov pat pse36 clflush dts mmx fxsr sse sse2 ss ht syscall nx pdpe1gb rdtscp lm constant_tsc arch_perfmon pebs bts nopl xtopology tsc_reliable nonstop_tsc aperfmperf pni pclmulqdq vmx ssse3 fma cx16 pcid sse4_1 sse4_2 x2apic movbe popcnt aes xsave avx f16c rdrand hypervisor lahf_lm 3dnowprefetch ida arat epb pln pts dtherm tpr_shadow vnmi ept vpid fsgsbase smep cqm_llc cqm_occup_llc

------------------------Thread-4 ran w @ 10.199.196.125-------------------------
 05:55:18 up 80 days, 22:26,  2 users,  load average: 0.01, 0.04, 0.05
USER     TTY      FROM             LOGIN@   IDLE   JCPU   PCPU WHAT
root     pts/0    10.86.80.152     02:05    3:49m  0.14s  0.14s -bash

------------------------Thread-3 ran -h @ 10.199.196.125------------------------

----------------------Thread-1 ran lscpu @ 10.199.196.125-----------------------
Architecture:          x86_64
CPU op-mode(s):        32-bit, 64-bit
Byte Order:            Little Endian
CPU(s):                16
On-line CPU(s) list:   0-15
Thread(s) per core:    1
Core(s) per socket:    8
Socket(s):             2
NUMA node(s):          2
Vendor ID:             GenuineIntel
CPU family:            6
Model:                 79
Model name:            Intel(R) Xeon(R) CPU E5-2690 v4 @ 2.60GHz
Stepping:              1
CPU MHz:               2593.993
BogoMIPS:              5187.98
Virtualization:        VT-x
Hypervisor vendor:     VMware
Virtualization type:   full
L1d cache:             32K
L1i cache:             32K
L2 cache:              256K
L3 cache:              35840K
NUMA node0 CPU(s):     0-7
NUMA node1 CPU(s):     8-15
Flags:                 fpu vme de pse tsc msr pae mce cx8 apic sep mtrr pge mca cmov pat pse36 clflush dts mmx fxsr sse sse2 ss ht syscall nx pdpe1gb rdtscp lm constant_tsc arch_perfmon pebs bts nopl xtopology tsc_reliable nonstop_tsc aperfmperf pni pclmulqdq vmx ssse3 fma cx16 pcid sse4_1 sse4_2 x2apic movbe popcnt aes xsave avx f16c rdrand hypervisor lahf_lm 3dnowprefetch ida arat epb pln pts dtherm tpr_shadow vnmi ept vpid fsgsbase smep cqm_llc cqm_occup_llc

------------------------Thread-4 ran w @ 10.199.196.125-------------------------
 06:46:33 up 80 days, 23:17,  2 users,  load average: 0.08, 0.03, 0.05
USER     TTY      FROM             LOGIN@   IDLE   JCPU   PCPU WHAT
root     pts/0    10.86.80.152     02:05    4:40m  0.14s  0.14s -bash

------------------------Thread-3 ran -h @ 10.199.196.125------------------------

------------------------Thread-2 ran -m @ 10.199.196.125------------------------

------------------------Thread-4 ran w @ 10.199.196.125-------------------------
 06:48:14 up 80 days, 23:19,  2 users,  load average: 0.02, 0.02, 0.05
USER     TTY      FROM             LOGIN@   IDLE   JCPU   PCPU WHAT
root     pts/0    10.86.80.152     02:05    4:42m  0.14s  0.14s -bash

----------------------Thread-1 ran lscpu @ 10.199.196.125-----------------------
Architecture:          x86_64
CPU op-mode(s):        32-bit, 64-bit
Byte Order:            Little Endian
CPU(s):                16
On-line CPU(s) list:   0-15
Thread(s) per core:    1
Core(s) per socket:    8
Socket(s):             2
NUMA node(s):          2
Vendor ID:             GenuineIntel
CPU family:            6
Model:                 79
Model name:            Intel(R) Xeon(R) CPU E5-2690 v4 @ 2.60GHz
Stepping:              1
CPU MHz:               2593.993
BogoMIPS:              5187.98
Virtualization:        VT-x
Hypervisor vendor:     VMware
Virtualization type:   full
L1d cache:             32K
L1i cache:             32K
L2 cache:              256K
L3 cache:              35840K
NUMA node0 CPU(s):     0-7
NUMA node1 CPU(s):     8-15
Flags:                 fpu vme de pse tsc msr pae mce cx8 apic sep mtrr pge mca cmov pat pse36 clflush dts mmx fxsr sse sse2 ss ht syscall nx pdpe1gb rdtscp lm constant_tsc arch_perfmon pebs bts nopl xtopology tsc_reliable nonstop_tsc aperfmperf pni pclmulqdq vmx ssse3 fma cx16 pcid sse4_1 sse4_2 x2apic movbe popcnt aes xsave avx f16c rdrand hypervisor lahf_lm 3dnowprefetch ida arat epb pln pts dtherm tpr_shadow vnmi ept vpid fsgsbase smep cqm_llc cqm_occup_llc

------------------------Thread-3 ran -h @ 10.199.196.125------------------------

------------------------Thread-2 ran -m @ 10.199.196.125------------------------

----------------------Thread-1 ran lscpu @ 10.199.196.125-----------------------
Architecture:          x86_64
CPU op-mode(s):        32-bit, 64-bit
Byte Order:            Little Endian
CPU(s):                16
On-line CPU(s) list:   0-15
Thread(s) per core:    1
Core(s) per socket:    8
Socket(s):             2
NUMA node(s):          2
Vendor ID:             GenuineIntel
CPU family:            6
Model:                 79
Model name:            Intel(R) Xeon(R) CPU E5-2690 v4 @ 2.60GHz
Stepping:              1
CPU MHz:               2593.993
BogoMIPS:              5187.98
Virtualization:        VT-x
Hypervisor vendor:     VMware
Virtualization type:   full
L1d cache:             32K
L1i cache:             32K
L2 cache:              256K
L3 cache:              35840K
NUMA node0 CPU(s):     0-7
NUMA node1 CPU(s):     8-15
Flags:                 fpu vme de pse tsc msr pae mce cx8 apic sep mtrr pge mca cmov pat pse36 clflush dts mmx fxsr sse sse2 ss ht syscall nx pdpe1gb rdtscp lm constant_tsc arch_perfmon pebs bts nopl xtopology tsc_reliable nonstop_tsc aperfmperf pni pclmulqdq vmx ssse3 fma cx16 pcid sse4_1 sse4_2 x2apic movbe popcnt aes xsave avx f16c rdrand hypervisor lahf_lm 3dnowprefetch ida arat epb pln pts dtherm tpr_shadow vnmi ept vpid fsgsbase smep cqm_llc cqm_occup_llc

------------------------Thread-4 ran w @ 10.199.196.125-------------------------
 06:54:22 up 80 days, 23:25,  2 users,  load average: 0.00, 0.01, 0.05
USER     TTY      FROM             LOGIN@   IDLE   JCPU   PCPU WHAT
root     pts/0    10.86.80.152     02:05    4:48m  0.14s  0.14s -bash

------------------------Thread-2 ran -m @ 10.199.196.125------------------------

----------------------Thread-1 ran lscpu @ 10.199.196.125-----------------------
Architecture:          x86_64
CPU op-mode(s):        32-bit, 64-bit
Byte Order:            Little Endian
CPU(s):                16
On-line CPU(s) list:   0-15
Thread(s) per core:    1
Core(s) per socket:    8
Socket(s):             2
NUMA node(s):          2
Vendor ID:             GenuineIntel
CPU family:            6
Model:                 79
Model name:            Intel(R) Xeon(R) CPU E5-2690 v4 @ 2.60GHz
Stepping:              1
CPU MHz:               2593.993
BogoMIPS:              5187.98
Virtualization:        VT-x
Hypervisor vendor:     VMware
Virtualization type:   full
L1d cache:             32K
L1i cache:             32K
L2 cache:              256K
L3 cache:              35840K
NUMA node0 CPU(s):     0-7
NUMA node1 CPU(s):     8-15
Flags:                 fpu vme de pse tsc msr pae mce cx8 apic sep mtrr pge mca cmov pat pse36 clflush dts mmx fxsr sse sse2 ss ht syscall nx pdpe1gb rdtscp lm constant_tsc arch_perfmon pebs bts nopl xtopology tsc_reliable nonstop_tsc aperfmperf pni pclmulqdq vmx ssse3 fma cx16 pcid sse4_1 sse4_2 x2apic movbe popcnt aes xsave avx f16c rdrand hypervisor lahf_lm 3dnowprefetch ida arat epb pln pts dtherm tpr_shadow vnmi ept vpid fsgsbase smep cqm_llc cqm_occup_llc

------------------------Thread-4 ran w @ 10.199.196.125-------------------------
 06:56:13 up 80 days, 23:27,  2 users,  load average: 0.08, 0.03, 0.05
USER     TTY      FROM             LOGIN@   IDLE   JCPU   PCPU WHAT
root     pts/0    10.86.80.152     02:05    4:50m  0.14s  0.14s -bash

------------------------Thread-2 ran -m @ 10.199.196.125------------------------

------------------------Thread-3 ran -h @ 10.199.196.125------------------------

----------------------Thread-1 ran lscpu @ 10.199.196.125-----------------------
Architecture:          x86_64
CPU op-mode(s):        32-bit, 64-bit
Byte Order:            Little Endian
CPU(s):                16
On-line CPU(s) list:   0-15
Thread(s) per core:    1
Core(s) per socket:    8
Socket(s):             2
NUMA node(s):          2
Vendor ID:             GenuineIntel
CPU family:            6
Model:                 79
Model name:            Intel(R) Xeon(R) CPU E5-2690 v4 @ 2.60GHz
Stepping:              1
CPU MHz:               2593.993
BogoMIPS:              5187.98
Virtualization:        VT-x
Hypervisor vendor:     VMware
Virtualization type:   full
L1d cache:             32K
L1i cache:             32K
L2 cache:              256K
L3 cache:              35840K
NUMA node0 CPU(s):     0-7
NUMA node1 CPU(s):     8-15
Flags:                 fpu vme de pse tsc msr pae mce cx8 apic sep mtrr pge mca cmov pat pse36 clflush dts mmx fxsr sse sse2 ss ht syscall nx pdpe1gb rdtscp lm constant_tsc arch_perfmon pebs bts nopl xtopology tsc_reliable nonstop_tsc aperfmperf pni pclmulqdq vmx ssse3 fma cx16 pcid sse4_1 sse4_2 x2apic movbe popcnt aes xsave avx f16c rdrand hypervisor lahf_lm 3dnowprefetch ida arat epb pln pts dtherm tpr_shadow vnmi ept vpid fsgsbase smep cqm_llc cqm_occup_llc

------------------------Thread-4 ran w @ 10.199.196.125-------------------------
 06:58:08 up 80 days, 23:29,  2 users,  load average: 0.01, 0.02, 0.05
USER     TTY      FROM             LOGIN@   IDLE   JCPU   PCPU WHAT
root     pts/0    10.86.80.152     02:05    4:52m  0.14s  0.14s -bash

------------------------Thread-2 ran -m @ 10.199.196.125------------------------

------------------------Thread-3 ran -h @ 10.199.196.125------------------------

----------------------Thread-1 ran lscpu @ 10.199.196.125-----------------------
Architecture:          x86_64
CPU op-mode(s):        32-bit, 64-bit
Byte Order:            Little Endian
CPU(s):                16
On-line CPU(s) list:   0-15
Thread(s) per core:    1
Core(s) per socket:    8
Socket(s):             2
NUMA node(s):          2
Vendor ID:             GenuineIntel
CPU family:            6
Model:                 79
Model name:            Intel(R) Xeon(R) CPU E5-2690 v4 @ 2.60GHz
Stepping:              1
CPU MHz:               2593.993
BogoMIPS:              5187.98
Virtualization:        VT-x
Hypervisor vendor:     VMware
Virtualization type:   full
L1d cache:             32K
L1i cache:             32K
L2 cache:              256K
L3 cache:              35840K
NUMA node0 CPU(s):     0-7
NUMA node1 CPU(s):     8-15
Flags:                 fpu vme de pse tsc msr pae mce cx8 apic sep mtrr pge mca cmov pat pse36 clflush dts mmx fxsr sse sse2 ss ht syscall nx pdpe1gb rdtscp lm constant_tsc arch_perfmon pebs bts nopl xtopology tsc_reliable nonstop_tsc aperfmperf pni pclmulqdq vmx ssse3 fma cx16 pcid sse4_1 sse4_2 x2apic movbe popcnt aes xsave avx f16c rdrand hypervisor lahf_lm 3dnowprefetch ida arat epb pln pts dtherm tpr_shadow vnmi ept vpid fsgsbase smep cqm_llc cqm_occup_llc

------------------------Thread-4 ran w @ 10.199.196.125-------------------------
 07:34:24 up 81 days, 5 min,  2 users,  load average: 0.26, 0.11, 0.07
USER     TTY      FROM             LOGIN@   IDLE   JCPU   PCPU WHAT
root     pts/0    10.86.80.152     02:05    5:28m  0.14s  0.14s -bash

------------------------Thread-3 ran -h @ 10.199.196.125------------------------

------------------------Thread-2 ran -m @ 10.199.196.125------------------------

------------------------Thread-4 ran w @ 10.199.196.125-------------------------
 01:44:42 up 81 days, 18:15,  1 user,  load average: 0.16, 0.05, 0.06
USER     TTY      FROM             LOGIN@   IDLE   JCPU   PCPU WHAT

----------------------Thread-1 ran lscpu @ 10.199.196.125-----------------------
Architecture:          x86_64
CPU op-mode(s):        32-bit, 64-bit
Byte Order:            Little Endian
CPU(s):                16
On-line CPU(s) list:   0-15
Thread(s) per core:    1
Core(s) per socket:    8
Socket(s):             2
NUMA node(s):          2
Vendor ID:             GenuineIntel
CPU family:            6
Model:                 79
Model name:            Intel(R) Xeon(R) CPU E5-2690 v4 @ 2.60GHz
Stepping:              1
CPU MHz:               2593.993
BogoMIPS:              5187.98
Virtualization:        VT-x
Hypervisor vendor:     VMware
Virtualization type:   full
L1d cache:             32K
L1i cache:             32K
L2 cache:              256K
L3 cache:              35840K
NUMA node0 CPU(s):     0-7
NUMA node1 CPU(s):     8-15
Flags:                 fpu vme de pse tsc msr pae mce cx8 apic sep mtrr pge mca cmov pat pse36 clflush dts mmx fxsr sse sse2 ss ht syscall nx pdpe1gb rdtscp lm constant_tsc arch_perfmon pebs bts nopl xtopology tsc_reliable nonstop_tsc aperfmperf pni pclmulqdq vmx ssse3 fma cx16 pcid sse4_1 sse4_2 x2apic movbe popcnt aes xsave avx f16c rdrand hypervisor lahf_lm 3dnowprefetch ida arat epb pln pts dtherm tpr_shadow vnmi ept vpid fsgsbase smep cqm_llc cqm_occup_llc

